<?xml version="1.0" encoding="UTF-8"?>
<testsuite name="TestCalculator" tests="2" skipped="0" failures="0" errors="0" timestamp="2021-01-26T07:41:53" hostname="PSLT5475" time="0.074">
  <properties/>
  <testcase name="ejecutarOperationsException()" classname="TestCalculator" time="0.066"/>
  <testcase name="selectionOperationsException()" classname="TestCalculator" time="0.005"/>
  <system-out><![CDATA[]]></system-out>
  <system-err><![CDATA[]]></system-err>
</testsuite>
