<?xml version="1.0" encoding="UTF-8"?>
<testsuite name="Assumptions" tests="4" skipped="1" failures="0" errors="0" timestamp="2021-01-25T14:01:25" hostname="PSLT5475" time="0.048">
  <properties/>
  <testcase name="[1] 1" classname="Assumptions" time="0.032"/>
  <testcase name="[2] 2" classname="Assumptions" time="0.002"/>
  <testcase name="[3] 3" classname="Assumptions" time="0.003"/>
  <testcase name="[4] -4" classname="Assumptions" time="0.004">
    <skipped/>
  </testcase>
  <system-out><![CDATA[]]></system-out>
  <system-err><![CDATA[]]></system-err>
</testsuite>
