<?xml version="1.0" encoding="UTF-8"?>
<testsuite name="TestCalculator" tests="6" skipped="0" failures="0" errors="0" timestamp="2021-01-26T14:05:06" hostname="PSLT5475" time="0.024">
  <properties/>
  <testcase name="ejecutarOperationsException()" classname="TestCalculator" time="0.012"/>
  <testcase name="Test operation" classname="TestCalculator" time="0.001"/>
  <testcase name="Test operation" classname="TestCalculator" time="0.0"/>
  <testcase name="Test operation" classname="TestCalculator" time="0.001"/>
  <testcase name="Test operation" classname="TestCalculator" time="0.0"/>
  <testcase name="selectionOperationsException()" classname="TestCalculator" time="0.001"/>
  <system-out><![CDATA[]]></system-out>
  <system-err><![CDATA[]]></system-err>
</testsuite>
