<?xml version="1.0" encoding="UTF-8"?>
<testsuite name="MongoReactiveTest" tests="1" skipped="0" failures="0" errors="0" timestamp="2021-02-12T10:13:27" hostname="PSLT5475" time="1.161">
  <properties/>
  <testcase name="deleteManyCollections()" classname="MongoReactiveTest" time="1.161"/>
  <system-out><![CDATA[delete resultAcknowledgedDeleteResult{deletedCount=99}
complete delete
]]></system-out>
  <system-err><![CDATA[feb. 12, 2021 11:13:28 A. M. com.mongodb.diagnostics.logging.JULLogger log
INFO: Cluster created with settings {hosts=[localhost:27017], mode=SINGLE, requiredClusterType=UNKNOWN, serverSelectionTimeout='30000 ms', maxWaitQueueSize=500}
feb. 12, 2021 11:13:28 A. M. com.mongodb.diagnostics.logging.JULLogger log
INFO: No server chosen by com.mongodb.async.client.ClientSessionHelper$1@3870b9ee from cluster description ClusterDescription{type=UNKNOWN, connectionMode=SINGLE, serverDescriptions=[ServerDescription{address=localhost:27017, type=UNKNOWN, state=CONNECTING}]}. Waiting for 30000 ms before timing out
feb. 12, 2021 11:13:28 A. M. com.mongodb.diagnostics.logging.JULLogger log
INFO: Opened connection [connectionId{localValue:1, serverValue:40}] to localhost:27017
feb. 12, 2021 11:13:28 A. M. com.mongodb.diagnostics.logging.JULLogger log
INFO: Monitor thread successfully connected to server with description ServerDescription{address=localhost:27017, type=STANDALONE, state=CONNECTED, ok=true, version=ServerVersion{versionList=[4, 2, 11]}, minWireVersion=0, maxWireVersion=8, maxDocumentSize=16777216, logicalSessionTimeoutMinutes=30, roundTripTimeNanos=20643400}
feb. 12, 2021 11:13:28 A. M. com.mongodb.diagnostics.logging.JULLogger log
INFO: Opened connection [connectionId{localValue:2, serverValue:41}] to localhost:27017
]]></system-err>
</testsuite>
